<?xml version="1.0" encoding="UTF-8"?>
<!-- Generated by org.testng.reporters.JUnitXMLReporter -->
<testsuite ignored="29" hostname="DESKTOP-454KT78" failures="5" tests="5" name="Test(failed)" time="43.715" errors="0" timestamp="2024-06-12T21:07:15 IST">
  <testcase classname="testCases.CheckoutStep_Two_Page_Test" name="verifyFinishBtnTest" time="2.582">
    <failure type="java.lang.NullPointerException" message="Cannot invoke &amp;quot;org.apache.poi.ss.usermodel.Cell.getStringCellValue()&amp;quot; because the return value of &amp;quot;org.apache.poi.ss.usermodel.Row.getCell(int)&amp;quot; is null">
      <![CDATA[java.lang.NullPointerException: Cannot invoke "org.apache.poi.ss.usermodel.Cell.getStringCellValue()" because the return value of "org.apache.poi.ss.usermodel.Row.getCell(int)" is null
at utility.ReadData.readExcel(ReadData.java:25)
at testCases.CheckoutStep_Two_Page_Test.verifyFinishBtnTest(CheckoutStep_Two_Page_Test.java:126)
at java.base/java.util.ArrayList.forEach(ArrayList.java:1511)
... Removed 27 stack frames]]>
    </failure>
  </testcase> <!-- verifyFinishBtnTest -->
  <testcase classname="testCases.Inventory_Page_Test" name="remove2ProductsTest" time="0.253">
    <failure type="java.lang.NullPointerException" message="Cannot invoke &amp;quot;org.apache.poi.ss.usermodel.Cell.getStringCellValue()&amp;quot; because the return value of &amp;quot;org.apache.poi.ss.usermodel.Row.getCell(int)&amp;quot; is null">
      <![CDATA[java.lang.NullPointerException: Cannot invoke "org.apache.poi.ss.usermodel.Cell.getStringCellValue()" because the return value of "org.apache.poi.ss.usermodel.Row.getCell(int)" is null
at utility.ReadData.readExcel(ReadData.java:25)
at testCases.Inventory_Page_Test.remove2ProductsTest(Inventory_Page_Test.java:58)
at java.base/java.util.ArrayList.forEach(ArrayList.java:1511)
... Removed 27 stack frames]]>
    </failure>
  </testcase> <!-- remove2ProductsTest -->
  <testcase classname="testCases.CartPage_Test" name="verifyCartDescLabelTest" time="0.095">
    <failure type="java.lang.NullPointerException" message="Cannot invoke &amp;quot;org.apache.poi.ss.usermodel.Cell.getStringCellValue()&amp;quot; because the return value of &amp;quot;org.apache.poi.ss.usermodel.Row.getCell(int)&amp;quot; is null">
      <![CDATA[java.lang.NullPointerException: Cannot invoke "org.apache.poi.ss.usermodel.Cell.getStringCellValue()" because the return value of "org.apache.poi.ss.usermodel.Row.getCell(int)" is null
at utility.ReadData.readExcel(ReadData.java:25)
at testCases.CartPage_Test.verifyCartDescLabelTest(CartPage_Test.java:71)
at java.base/java.util.ArrayList.forEach(ArrayList.java:1511)
... Removed 27 stack frames]]>
    </failure>
  </testcase> <!-- verifyCartDescLabelTest -->
  <testcase classname="testCases.Checkout_Step_One_Page_Test" name="verifyCancelBtnTest" time="0.136">
    <failure type="java.lang.NullPointerException" message="Cannot invoke &amp;quot;org.apache.poi.ss.usermodel.Cell.getStringCellValue()&amp;quot; because the return value of &amp;quot;org.apache.poi.ss.usermodel.Row.getCell(int)&amp;quot; is null">
      <![CDATA[java.lang.NullPointerException: Cannot invoke "org.apache.poi.ss.usermodel.Cell.getStringCellValue()" because the return value of "org.apache.poi.ss.usermodel.Row.getCell(int)" is null
at utility.ReadData.readExcel(ReadData.java:25)
at testCases.Checkout_Step_One_Page_Test.verifyCancelBtnTest(Checkout_Step_One_Page_Test.java:68)
at java.base/java.util.ArrayList.forEach(ArrayList.java:1511)
... Removed 27 stack frames]]>
    </failure>
  </testcase> <!-- verifyCancelBtnTest -->
  <testcase classname="testCases.LoginPage_Test" name="verifyTitleOfApplicationTest" time="0.154">
    <failure type="java.lang.NullPointerException" message="Cannot invoke &amp;quot;org.apache.poi.ss.usermodel.Cell.getStringCellValue()&amp;quot; because the return value of &amp;quot;org.apache.poi.ss.usermodel.Row.getCell(int)&amp;quot; is null">
      <![CDATA[java.lang.NullPointerException: Cannot invoke "org.apache.poi.ss.usermodel.Cell.getStringCellValue()" because the return value of "org.apache.poi.ss.usermodel.Row.getCell(int)" is null
at utility.ReadData.readExcel(ReadData.java:25)
at testCases.LoginPage_Test.verifyTitleOfApplicationTest(LoginPage_Test.java:47)
at java.base/java.util.ArrayList.forEach(ArrayList.java:1511)
... Removed 27 stack frames]]>
    </failure>
  </testcase> <!-- verifyTitleOfApplicationTest -->
  <testcase classname="testCases.CheckoutStep_Two_Page_Test" name="verifyCheck2QtyLabelTest" time="0.0">
    <ignored/>
  </testcase> <!-- verifyCheck2QtyLabelTest -->
  <testcase classname="testCases.Inventory_Page_Test" name="verifyAppLogoTest" time="0.0">
    <ignored/>
  </testcase> <!-- verifyAppLogoTest -->
  <testcase classname="testCases.Inventory_Page_Test" name="verifyTwitterLogoTest" time="0.0">
    <ignored/>
  </testcase> <!-- verifyTwitterLogoTest -->
  <testcase classname="testCases.CheckoutStep_Two_Page_Test" name="verifyCheck2DescLabelTest" time="0.0">
    <ignored/>
  </testcase> <!-- verifyCheck2DescLabelTest -->
  <testcase classname="testCases.CartPage_Test" name="verifyCartQuantityLabelTest" time="0.0">
    <ignored/>
  </testcase> <!-- verifyCartQuantityLabelTest -->
  <testcase classname="testCases.Checkout_Step_One_Page_Test" name="verifyOpenMenuBtnTest" time="0.0">
    <ignored/>
  </testcase> <!-- verifyOpenMenuBtnTest -->
  <testcase classname="testCases.Checkout_Step_One_Page_Test" name="verifyCheck1PageLogoTest" time="0.0">
    <ignored/>
  </testcase> <!-- verifyCheck1PageLogoTest -->
  <testcase classname="testCases.LoginPage_Test" name="loginToApplicationTest" time="0.0">
    <ignored/>
  </testcase> <!-- loginToApplicationTest -->
  <testcase classname="testCases.CheckoutStep_Two_Page_Test" name="verifyCheck2PageLogoTest" time="0.0">
    <ignored/>
  </testcase> <!-- verifyCheck2PageLogoTest -->
  <testcase classname="testCases.CartPage_Test" name="verifyCheckoutButtonTest" time="0.0">
    <ignored/>
  </testcase> <!-- verifyCheckoutButtonTest -->
  <testcase classname="testCases.Inventory_Page_Test" name="verifyFacebookLogoTset" time="0.0">
    <ignored/>
  </testcase> <!-- verifyFacebookLogoTset -->
  <testcase classname="testCases.CheckoutStep_Two_Page_Test" name="verifyPriceInfoLabelTest" time="0.0">
    <ignored/>
  </testcase> <!-- verifyPriceInfoLabelTest -->
  <testcase classname="testCases.Inventory_Page_Test" name="verifyPageTitleTest" time="0.0">
    <ignored/>
  </testcase> <!-- verifyPageTitleTest -->
  <testcase classname="testCases.CheckoutStep_Two_Page_Test" name="verifyCheck2openMenuBtnTest" time="0.0">
    <ignored/>
  </testcase> <!-- verifyCheck2openMenuBtnTest -->
  <testcase classname="testCases.Inventory_Page_Test" name="verifyFooterTextTest" time="0.0">
    <ignored/>
  </testcase> <!-- verifyFooterTextTest -->
  <testcase classname="testCases.CheckoutStep_Two_Page_Test" name="verifyCheck2PageTitleTest" time="0.0">
    <ignored/>
  </testcase> <!-- verifyCheck2PageTitleTest -->
  <testcase classname="testCases.LoginPage_Test" name="verifyURLOFApplicationTest" time="0.0">
    <ignored/>
  </testcase> <!-- verifyURLOFApplicationTest -->
  <testcase classname="testCases.CartPage_Test" name="verifyShoppingCartPageTest" time="0.0">
    <ignored/>
  </testcase> <!-- verifyShoppingCartPageTest -->
  <testcase classname="testCases.CheckoutStep_Two_Page_Test" name="verifyPaymentInfoLabelTest" time="0.0">
    <ignored/>
  </testcase> <!-- verifyPaymentInfoLabelTest -->
  <testcase classname="testCases.Checkout_Step_One_Page_Test" name="verifyEnterInformationTest" time="0.0">
    <ignored/>
  </testcase> <!-- verifyEnterInformationTest -->
  <testcase classname="testCases.CheckoutStep_Two_Page_Test" name="verifyCheck2CancelBtnTest" time="0.0">
    <ignored/>
  </testcase> <!-- verifyCheck2CancelBtnTest -->
  <testcase classname="testCases.Inventory_Page_Test" name="verifyLinkedInLogoTest" time="0.0">
    <ignored/>
  </testcase> <!-- verifyLinkedInLogoTest -->
  <testcase classname="testCases.Checkout_Step_One_Page_Test" name="verifyCheck1PageTitleTest" time="0.0">
    <ignored/>
  </testcase> <!-- verifyCheck1PageTitleTest -->
  <testcase classname="testCases.Inventory_Page_Test" name="add6Products" time="0.0">
    <ignored/>
  </testcase> <!-- add6Products -->
  <testcase classname="testCases.CheckoutStep_Two_Page_Test" name="verifyShippingInfoLabelTest" time="0.0">
    <ignored/>
  </testcase> <!-- verifyShippingInfoLabelTest -->
  <testcase classname="testCases.CheckoutStep_Two_Page_Test" name="verifyTotalLableTest" time="0.0">
    <ignored/>
  </testcase> <!-- verifyTotalLableTest -->
  <testcase classname="testCases.CartPage_Test" name="verifyContinueShoppingBtnTest" time="0.0">
    <ignored/>
  </testcase> <!-- verifyContinueShoppingBtnTest -->
  <testcase classname="testCases.CartPage_Test" name="verifyLogoOfShoppingCartPageTest" time="0.0">
    <ignored/>
  </testcase> <!-- verifyLogoOfShoppingCartPageTest -->
  <testcase classname="testCases.CartPage_Test" name="verifyShoppingCartPageTitleTest" time="0.0">
    <ignored/>
  </testcase> <!-- verifyShoppingCartPageTitleTest -->
</testsuite> <!-- Test(failed) -->
